MINION@[5ddc1f[::]:30311]
 
    VALIDATE: SUCCESS(genesis)

    block_number: 0
    block_hash: 0xce285c...
MINION@[5ddc1f[::]:30311]
 
    VALIDATE: SUCCESS

    eth_blockNumber: 1
    block_number: 1
    block_hash: 0x84cc85...
    signature: 0x40347175c5d1a568c1cf5e5b682a624d98c0ce36ad9025eb3d93b07a35052a1450b9c6e3daefc5bb618cf24ec753215818d41613611cb86e1078226b8133fb5d1c
    recovered: 0xfedb3a0fb00083774e68bf8ba72d8b9bbe5731d3
    miner: 0xfedb3a0fb00083774e68bf8ba72d8b9bbe5731d3
MINION@[5ddc1f[::]:30311]
 
    VALIDATE: SUCCESS

    eth_blockNumber: 3
    block_number: 3
    block_hash: 0xf43467...
    signature: 0x9895ea0661336a21160c7d3bf719484854b149742ddbcbec30732db7fbcecfb000fae01db8b62ef7db9ebbeb811e4903aeda8102fb926f9cf2160e66c770e6dc1b
    recovered: 0xfedb3a0fb00083774e68bf8ba72d8b9bbe5731d3
    miner: 0xfedb3a0fb00083774e68bf8ba72d8b9bbe5731d3
MINION@[5ddc1f[::]:30311]
 
    VALIDATE: FAIL(no matching tx from header)

    eth_blockNumber: 5
    block_number: 5
    block_hash: 0x2ce7a5458070fd63f174c28379415c865faf1c4b8c6701e673ebbe68ea3e31ad
    block_transactions: 0x649906b587b2c257bead17c5c6e6677a7e5c1e6be8bdc2c01afc857e0dfbac7e
    block_miner: 0x915f6add57fe39189dfd7b4801a9dcbf6d66ae94
MINION@[5ddc1f[::]:30311]
 
    VALIDATE: FAIL(no matching tx from header)

    eth_blockNumber: 6
    block_number: 6
    block_hash: 0x6088cec4d6cac6484fc271398db58f5ea7b74aa2efc92b320205c28e2f25a4be
    block_transactions: 
    block_miner: 0x915f6add57fe39189dfd7b4801a9dcbf6d66ae94
MINION@[5ddc1f[::]:30311]
 
    VALIDATE: FAIL(no matching tx from header)

    eth_blockNumber: 6
    block_number: 6
    block_hash: 0x15e7777f0da706209fdaa9619f4bc47e2c3ec16efd3f9c387656453cd15533ff
    block_transactions: 0xa49d0dad6feacbc7013949201817330492180e35f4cdf5b83511125ff596fd3f
    block_miner: 0xfedb3a0fb00083774e68bf8ba72d8b9bbe5731d3
MINION@[5ddc1f[::]:30311]
 
    VALIDATE: FAIL(no matching tx from header)

    eth_blockNumber: 6
    block_number: 6
    block_hash: 0x7ef05f9952764a74bcdface6e7b9eae135573b11bce77d5dd62a56efd9897cd3
    block_transactions: 
    block_miner: 0xfedb3a0fb00083774e68bf8ba72d8b9bbe5731d3
MINION@[5ddc1f[::]:30311]
 
    VALIDATE: FAIL(no matching tx from header)

    eth_blockNumber: 6
    block_number: 6
    block_hash: 0xfd60411f3370f1752062bcdebdf4a58b23ce5438b39751a4ee86e321f7cb0c5a
    block_transactions: 
    block_miner: 0xfedb3a0fb00083774e68bf8ba72d8b9bbe5731d3
MINION@[5ddc1f[::]:30311]
 
    VALIDATE: FAIL(no matching tx from header)

    eth_blockNumber: 6
    block_number: 6
    block_hash: 0xe883e5dab87e960338ff5cd7c2e847b815970b167e7bd7dc2d5031f2eadd742a
    block_transactions: 
    block_miner: 0xfedb3a0fb00083774e68bf8ba72d8b9bbe5731d3
MINION@[5ddc1f[::]:30311]
 
    VALIDATE: FAIL(no matching tx from header)

    eth_blockNumber: 6
    block_number: 6
    block_hash: 0x0ec3dfe2686440d6f6f3b17d597db912d97104cf8512ad56967d5a5c20fe5314
    block_transactions: 
    block_miner: 0xfedb3a0fb00083774e68bf8ba72d8b9bbe5731d3
MINION@[5ddc1f[::]:30311]
 
    VALIDATE: FAIL(no matching tx from header)

    eth_blockNumber: 6
    block_number: 6
    block_hash: 0x75ec9bbe697ace52e9ca25787962ee563914cb2298b82c8c97a82d4aec8f1e47
    block_transactions: 
    block_miner: 0x915f6add57fe39189dfd7b4801a9dcbf6d66ae94
MINION@[5ddc1f[::]:30311]
 
    VALIDATE: FAIL(no matching tx from header)

    eth_blockNumber: 6
    block_number: 6
    block_hash: 0xbd77c1a38a670b03f46051a0c0ab36adf1dcdd39cba87afca51a6f8331385ecc
    block_transactions: 
    block_miner: 0x915f6add57fe39189dfd7b4801a9dcbf6d66ae94
MINION@[5ddc1f[::]:30311]
 
    VALIDATE: FAIL(no matching tx from header)

    eth_blockNumber: 7
    block_number: 7
    block_hash: 0x3c8e48b3cd301bab7ef1595b00ce36f4ee410975385a296aff5320f93186ed37
    block_transactions: 
    block_miner: 0xfedb3a0fb00083774e68bf8ba72d8b9bbe5731d3
MINION@[5ddc1f[::]:30311]
 
    VALIDATE: FAIL(no matching tx from header)

    eth_blockNumber: 7
    block_number: 7
    block_hash: 0x3c8e48b3cd301bab7ef1595b00ce36f4ee410975385a296aff5320f93186ed37
    block_transactions: 
    block_miner: 0xfedb3a0fb00083774e68bf8ba72d8b9bbe5731d3
