
AUTHORITY@[2ff7e3[::]:30303]
 
    AUTHORITY: SUCCESS (initialized)

    eth_blockNumber: 42
    etherbase: 0x915f6add57fe39189dfd7b4801a9dcbf6d66ae94
block.miner: 0x915f6add57fe39189dfd7b4801a9dcbf6d66ae94 authorityIndex: 1
authorities 0xfedb3a0fb00083774e68bf8ba72d8b9bbe5731d3,0x915f6add57fe39189dfd7b4801a9dcbf6d66ae94

AUTHORITY@[2ff7e3[::]:30303]
 
    VALIDATE: SUCCESS

    eth_blockNumber: 42
    block_number: 42
    block_hash: 0xad05b9...
    signature: 0xf02bce539597a43f467ab29534eed17b5076c183326bd6254e1eea076b5397aa7c23022583a89ded8c8ef1a8b42f2dc36a3763352d938b77f813a4537ae90e0b1b
    recovered: 0x915f6add57fe39189dfd7b4801a9dcbf6d66ae94
    miner: 0x915f6add57fe39189dfd7b4801a9dcbf6d66ae94

AUTHORITY@[2ff7e3[::]:30303]
 
    AUTHORITY: POST

    eth_blockNumber: 42
    authority: 0x915f6add57fe39189dfd7b4801a9dcbf6d66ae94
    tx_hash: 0x468655...
    tx: [object Object]
    data: [object Object]
    signature: 0xa007bf22753015330f2996a822eb72a5ff53183d5e0b32e7d5e64145b6d43c541e61cebba78a94d5bbd6d6d71d58923a177258da78ba14b4512e0296268102351b
block.miner: 0xfedb3a0fb00083774e68bf8ba72d8b9bbe5731d3 authorityIndex: 0
authorities 0xfedb3a0fb00083774e68bf8ba72d8b9bbe5731d3,0x915f6add57fe39189dfd7b4801a9dcbf6d66ae94

AUTHORITY@[2ff7e3[::]:30303]
 
    VALIDATE: SUCCESS

    eth_blockNumber: 43
    block_number: 43
    block_hash: 0x981b4e...
    signature: 0xbf934b193d8751e05c6fd6a446ef1efe55c55d75c61a3058c7da87e64fbcbf6a18768695ee30628dc8e15edc353be1879f9f33e1c3931ffcf99fc45f5f2b07a41c
    recovered: 0xfedb3a0fb00083774e68bf8ba72d8b9bbe5731d3
    miner: 0xfedb3a0fb00083774e68bf8ba72d8b9bbe5731d3

AUTHORITY@[2ff7e3[::]:30303]
 
    AUTHORITY: POST

    eth_blockNumber: 43
    authority: 0x915f6add57fe39189dfd7b4801a9dcbf6d66ae94
    tx_hash: 0x3b7eb9...
    tx: [object Object]
    data: [object Object]
    signature: 0xc5a039bc1ca8efac8672ee34aeacf12b3fdfd916996d0c5f03d9b73332ae264b1d49ced664802ab8bbb25d77d1baebd7c2995f1eedc8eed923fed011afa352231b
block.miner: 0x915f6add57fe39189dfd7b4801a9dcbf6d66ae94 authorityIndex: 1
authorities 0xfedb3a0fb00083774e68bf8ba72d8b9bbe5731d3,0x915f6add57fe39189dfd7b4801a9dcbf6d66ae94

AUTHORITY@[2ff7e3[::]:30303]
 
    VALIDATE: SUCCESS

    eth_blockNumber: 44
    block_number: 44
    block_hash: 0xdd5252...
    signature: 0xc5a039bc1ca8efac8672ee34aeacf12b3fdfd916996d0c5f03d9b73332ae264b1d49ced664802ab8bbb25d77d1baebd7c2995f1eedc8eed923fed011afa352231b
    recovered: 0x915f6add57fe39189dfd7b4801a9dcbf6d66ae94
    miner: 0x915f6add57fe39189dfd7b4801a9dcbf6d66ae94

AUTHORITY@[2ff7e3[::]:30303]
 
    AUTHORITY: POST

    eth_blockNumber: 44
    authority: 0x915f6add57fe39189dfd7b4801a9dcbf6d66ae94
    tx_hash: 0xf75094...
    tx: [object Object]
    data: [object Object]
    signature: 0xc2da4899c37aaa69f23b9fbe38ecab7b8cb03fbbe58142394015dc38753847de1a5cb09e8f7cd53ed8115002f01338dbb01bbb86f8848924e4000559d3f7a8551c

AUTHORITY@[2ff7e3[::]:30303]
 
    VALIDATE: FAIL (no transactions in block)

    block_number: 47
    block_hash: 0xad4d46...

AUTHORITY@[2ff7e3[::]:30303]
 
    AUTHORITY: POST

    eth_blockNumber: 46
    authority: 0x915f6add57fe39189dfd7b4801a9dcbf6d66ae94
    tx_hash: 0xaed464...
    tx: [object Object]
    data: [object Object]
    signature: 0x9fdb046f64a720e84516121867c5b6f87f3a315fb0320ecb0c91c3c2679fe7720d91ada7896ec10a3eb153bfa533f94f802ccc3c648b29ccd6e89ce20a7851121c

AUTHORITY@[2ff7e3[::]:30303]
 
    VALIDATE: FAIL (no transactions in block)

    block_number: 46
    block_hash: 0x64e375...

AUTHORITY@[2ff7e3[::]:30303]
 
    AUTHORITY: POST

    eth_blockNumber: 45
    authority: 0x915f6add57fe39189dfd7b4801a9dcbf6d66ae94
    tx_hash: 0x84a015...
    tx: [object Object]
    data: [object Object]
    signature: 0xfca0670148fdcf944836ed622d3ae51beeda6f80dad1d2559661e919bdaa35fc57e98e29f38f6002f41ffefbe758b001411baf6ffd8e78217d15b37670930ec61b
block.miner: 0xfedb3a0fb00083774e68bf8ba72d8b9bbe5731d3 authorityIndex: 0
authorities 0xfedb3a0fb00083774e68bf8ba72d8b9bbe5731d3,0x915f6add57fe39189dfd7b4801a9dcbf6d66ae94

AUTHORITY@[2ff7e3[::]:30303]
 
    VALIDATE: SUCCESS

    eth_blockNumber: 45
    block_number: 45
    block_hash: 0x7a3006...
    signature: 0xdc2cbb74c8f53ae29c529958d47718f0e1051dd6189a34e9e0eef64427a194820983bbb01aedffd91024f7bea27f505d9ac5e286792ae4ac046c21e06ad52ef21c
    recovered: 0xfedb3a0fb00083774e68bf8ba72d8b9bbe5731d3
    miner: 0xfedb3a0fb00083774e68bf8ba72d8b9bbe5731d3

AUTHORITY@[2ff7e3[::]:30303]
 
    AUTHORITY: POST

    eth_blockNumber: 45
    authority: 0x915f6add57fe39189dfd7b4801a9dcbf6d66ae94
    tx_hash: 0x8519c3...
    tx: [object Object]
    data: [object Object]
    signature: 0x589618c060cf76a558fae4a42f417398c5d371ba2466223037ddc85f2844e07a1adfeb80e78c931fcaaaeaafa7f6c31ac43393e0ff6d02024e4319a10d2d00951c
block.miner: 0x915f6add57fe39189dfd7b4801a9dcbf6d66ae94 authorityIndex: 1
authorities 0xfedb3a0fb00083774e68bf8ba72d8b9bbe5731d3,0x915f6add57fe39189dfd7b4801a9dcbf6d66ae94

AUTHORITY@[2ff7e3[::]:30303]
 
    VALIDATE: SUCCESS

    eth_blockNumber: 46
    block_number: 46
    block_hash: 0xb61a9a...
    signature: 0x589618c060cf76a558fae4a42f417398c5d371ba2466223037ddc85f2844e07a1adfeb80e78c931fcaaaeaafa7f6c31ac43393e0ff6d02024e4319a10d2d00951c
    recovered: 0x915f6add57fe39189dfd7b4801a9dcbf6d66ae94
    miner: 0x915f6add57fe39189dfd7b4801a9dcbf6d66ae94

AUTHORITY@[2ff7e3[::]:30303]
 
    AUTHORITY: POST

    eth_blockNumber: 46
    authority: 0x915f6add57fe39189dfd7b4801a9dcbf6d66ae94
    tx_hash: 0x36ba45...
    tx: [object Object]
    data: [object Object]
    signature: 0xd28cfc016caae9b918bd8c3684dc95c0b9c75fb517ade81c7fe4b537a1a5029d59765cf9d6687f935b64d0e674c99f931cae26d1b7e3beb22c563fe5335196411b
block.miner: 0xfedb3a0fb00083774e68bf8ba72d8b9bbe5731d3 authorityIndex: 0
authorities 0xfedb3a0fb00083774e68bf8ba72d8b9bbe5731d3,0x915f6add57fe39189dfd7b4801a9dcbf6d66ae94

AUTHORITY@[2ff7e3[::]:30303]
 
    VALIDATE: SUCCESS

    eth_blockNumber: 47
    block_number: 47
    block_hash: 0xd1a403...
    signature: 0xd0c28619b8483ae0d55ab39a688ecd43e44e3aab4ec7362a925d5e9feaa0399312d6486869f2bed71bdb742cae9d438ce4c2cccf4045fe805bfa3d85c657663b1c
    recovered: 0xfedb3a0fb00083774e68bf8ba72d8b9bbe5731d3
    miner: 0xfedb3a0fb00083774e68bf8ba72d8b9bbe5731d3

AUTHORITY@[2ff7e3[::]:30303]
 
    AUTHORITY: POST

    eth_blockNumber: 47
    authority: 0x915f6add57fe39189dfd7b4801a9dcbf6d66ae94
    tx_hash: 0x802f80...
    tx: [object Object]
    data: [object Object]
    signature: 0xa3064437b32afff4e82f713eb2b8b2888086f3db0f1c9e3b659c5dfcd776678f60e5cc88226cc593b1e8a4777e66402c80747aeea88ab8355c24179ba19cd6e21b

AUTHORITY@[2ff7e3[::]:30303]
 
    VALIDATE: FAIL (no transactions in block)

    block_number: 49
    block_hash: 0x3b616c...

AUTHORITY@[2ff7e3[::]:30303]
 
    AUTHORITY: POST

    eth_blockNumber: 48
    authority: 0x915f6add57fe39189dfd7b4801a9dcbf6d66ae94
    tx_hash: 0xaae494...
    tx: [object Object]
    data: [object Object]
    signature: 0x693a5adec51ef695949077f23e71dc3150c3ce7a238a8ff9bde62efd0739eb700cd0b4478f9bf417ef9a758f04c63a6932bc0546aff3e00ddfe75459d16cd2151b
block.miner: 0x915f6add57fe39189dfd7b4801a9dcbf6d66ae94 authorityIndex: 1
authorities 0xfedb3a0fb00083774e68bf8ba72d8b9bbe5731d3,0x915f6add57fe39189dfd7b4801a9dcbf6d66ae94

AUTHORITY@[2ff7e3[::]:30303]
 
    VALIDATE: SUCCESS

    eth_blockNumber: 48
    block_number: 48
    block_hash: 0xaca73b...
    signature: 0xa3064437b32afff4e82f713eb2b8b2888086f3db0f1c9e3b659c5dfcd776678f60e5cc88226cc593b1e8a4777e66402c80747aeea88ab8355c24179ba19cd6e21b
    recovered: 0x915f6add57fe39189dfd7b4801a9dcbf6d66ae94
    miner: 0x915f6add57fe39189dfd7b4801a9dcbf6d66ae94

AUTHORITY@[2ff7e3[::]:30303]
 
    AUTHORITY: POST

    eth_blockNumber: 48
    authority: 0x915f6add57fe39189dfd7b4801a9dcbf6d66ae94
    tx_hash: 0x5ec227...
    tx: [object Object]
    data: [object Object]
    signature: 0x49a61b4813129cfb84f4a733933f096f1ae62206b745f9b7619b4dbd7d5d2c117d52663ddf84bc981a085164a14d78cde075fe61b623aa275716d647e11b0ca51c
block.miner: 0xfedb3a0fb00083774e68bf8ba72d8b9bbe5731d3 authorityIndex: 0
authorities 0xfedb3a0fb00083774e68bf8ba72d8b9bbe5731d3,0x915f6add57fe39189dfd7b4801a9dcbf6d66ae94

AUTHORITY@[2ff7e3[::]:30303]
 
    VALIDATE: SUCCESS

    eth_blockNumber: 50
    block_number: 50
    block_hash: 0xd8f351...
    signature: 0x6b40461c419aee8b21818cf0a06e5755880a743317cbaa4517843e0bb0e5483c4ce543b2a9854b89b2bff61c3a3da11db10dd720aaf2d97fcdedd7e1e203cc9e1c
    recovered: 0xfedb3a0fb00083774e68bf8ba72d8b9bbe5731d3
    miner: 0xfedb3a0fb00083774e68bf8ba72d8b9bbe5731d3

AUTHORITY@[2ff7e3[::]:30303]
 
    AUTHORITY: POST

    eth_blockNumber: 50
    authority: 0x915f6add57fe39189dfd7b4801a9dcbf6d66ae94
    tx_hash: 0x2f56d5...
    tx: [object Object]
    data: [object Object]
    signature: 0x793fda2ec75c3e1b8a62d179be200c0ea68acc790938668cfc4830dc9f47ee8d204ea28ebfb767d8731acc25614fc9b067411dc5f8346573b546be39a3105f861b
