block.miner: 0x915f6add57fe39189dfd7b4801a9dcbf6d66ae94 authorityIndex: 1
authorities 0xfedb3a0fb00083774e68bf8ba72d8b9bbe5731d3,0x915f6add57fe39189dfd7b4801a9dcbf6d66ae94

MINION@[347256[::]:30307]
 
    VALIDATE: SUCCESS

    eth_blockNumber: 42
    block_number: 42
    block_hash: 0xad05b9...
    signature: 0xf02bce539597a43f467ab29534eed17b5076c183326bd6254e1eea076b5397aa7c23022583a89ded8c8ef1a8b42f2dc36a3763352d938b77f813a4537ae90e0b1b
    recovered: 0x915f6add57fe39189dfd7b4801a9dcbf6d66ae94
    miner: 0x915f6add57fe39189dfd7b4801a9dcbf6d66ae94
block.miner: 0xfedb3a0fb00083774e68bf8ba72d8b9bbe5731d3 authorityIndex: 0
authorities 0xfedb3a0fb00083774e68bf8ba72d8b9bbe5731d3,0x915f6add57fe39189dfd7b4801a9dcbf6d66ae94

MINION@[347256[::]:30307]
 
    VALIDATE: SUCCESS

    eth_blockNumber: 43
    block_number: 43
    block_hash: 0x981b4e...
    signature: 0xbf934b193d8751e05c6fd6a446ef1efe55c55d75c61a3058c7da87e64fbcbf6a18768695ee30628dc8e15edc353be1879f9f33e1c3931ffcf99fc45f5f2b07a41c
    recovered: 0xfedb3a0fb00083774e68bf8ba72d8b9bbe5731d3
    miner: 0xfedb3a0fb00083774e68bf8ba72d8b9bbe5731d3
block.miner: 0x915f6add57fe39189dfd7b4801a9dcbf6d66ae94 authorityIndex: 1
authorities 0xfedb3a0fb00083774e68bf8ba72d8b9bbe5731d3,0x915f6add57fe39189dfd7b4801a9dcbf6d66ae94

MINION@[347256[::]:30307]
 
    VALIDATE: SUCCESS

    eth_blockNumber: 44
    block_number: 44
    block_hash: 0xdd5252...
    signature: 0xc5a039bc1ca8efac8672ee34aeacf12b3fdfd916996d0c5f03d9b73332ae264b1d49ced664802ab8bbb25d77d1baebd7c2995f1eedc8eed923fed011afa352231b
    recovered: 0x915f6add57fe39189dfd7b4801a9dcbf6d66ae94
    miner: 0x915f6add57fe39189dfd7b4801a9dcbf6d66ae94
block.miner: 0xfedb3a0fb00083774e68bf8ba72d8b9bbe5731d3 authorityIndex: 0
authorities 0xfedb3a0fb00083774e68bf8ba72d8b9bbe5731d3,0x915f6add57fe39189dfd7b4801a9dcbf6d66ae94

MINION@[347256[::]:30307]
 
    VALIDATE: SUCCESS

    eth_blockNumber: 45
    block_number: 45
    block_hash: 0x7a3006...
    signature: 0xdc2cbb74c8f53ae29c529958d47718f0e1051dd6189a34e9e0eef64427a194820983bbb01aedffd91024f7bea27f505d9ac5e286792ae4ac046c21e06ad52ef21c
    recovered: 0xfedb3a0fb00083774e68bf8ba72d8b9bbe5731d3
    miner: 0xfedb3a0fb00083774e68bf8ba72d8b9bbe5731d3

MINION@[347256[::]:30307]
 
    VALIDATE: FAIL (no transactions in block)

    block_number: 47
    block_hash: 0xad4d46...
block.miner: 0x915f6add57fe39189dfd7b4801a9dcbf6d66ae94 authorityIndex: 1
authorities 0xfedb3a0fb00083774e68bf8ba72d8b9bbe5731d3,0x915f6add57fe39189dfd7b4801a9dcbf6d66ae94

MINION@[347256[::]:30307]
 
    VALIDATE: SUCCESS

    eth_blockNumber: 46
    block_number: 46
    block_hash: 0xb61a9a...
    signature: 0x589618c060cf76a558fae4a42f417398c5d371ba2466223037ddc85f2844e07a1adfeb80e78c931fcaaaeaafa7f6c31ac43393e0ff6d02024e4319a10d2d00951c
    recovered: 0x915f6add57fe39189dfd7b4801a9dcbf6d66ae94
    miner: 0x915f6add57fe39189dfd7b4801a9dcbf6d66ae94
block.miner: 0xfedb3a0fb00083774e68bf8ba72d8b9bbe5731d3 authorityIndex: 0
authorities 0xfedb3a0fb00083774e68bf8ba72d8b9bbe5731d3,0x915f6add57fe39189dfd7b4801a9dcbf6d66ae94

MINION@[347256[::]:30307]
 
    VALIDATE: SUCCESS

    eth_blockNumber: 47
    block_number: 47
    block_hash: 0xd1a403...
    signature: 0xd0c28619b8483ae0d55ab39a688ecd43e44e3aab4ec7362a925d5e9feaa0399312d6486869f2bed71bdb742cae9d438ce4c2cccf4045fe805bfa3d85c657663b1c
    recovered: 0xfedb3a0fb00083774e68bf8ba72d8b9bbe5731d3
    miner: 0xfedb3a0fb00083774e68bf8ba72d8b9bbe5731d3
block.miner: 0x915f6add57fe39189dfd7b4801a9dcbf6d66ae94 authorityIndex: 1
authorities 0xfedb3a0fb00083774e68bf8ba72d8b9bbe5731d3,0x915f6add57fe39189dfd7b4801a9dcbf6d66ae94

MINION@[347256[::]:30307]
 
    VALIDATE: SUCCESS

    eth_blockNumber: 48
    block_number: 48
    block_hash: 0xaca73b...
    signature: 0xa3064437b32afff4e82f713eb2b8b2888086f3db0f1c9e3b659c5dfcd776678f60e5cc88226cc593b1e8a4777e66402c80747aeea88ab8355c24179ba19cd6e21b
    recovered: 0x915f6add57fe39189dfd7b4801a9dcbf6d66ae94
    miner: 0x915f6add57fe39189dfd7b4801a9dcbf6d66ae94
block.miner: 0xfedb3a0fb00083774e68bf8ba72d8b9bbe5731d3 authorityIndex: 0
authorities 0xfedb3a0fb00083774e68bf8ba72d8b9bbe5731d3,0x915f6add57fe39189dfd7b4801a9dcbf6d66ae94

MINION@[347256[::]:30307]
 
    VALIDATE: SUCCESS

    eth_blockNumber: 50
    block_number: 50
    block_hash: 0xd8f351...
    signature: 0x6b40461c419aee8b21818cf0a06e5755880a743317cbaa4517843e0bb0e5483c4ce543b2a9854b89b2bff61c3a3da11db10dd720aaf2d97fcdedd7e1e203cc9e1c
    recovered: 0xfedb3a0fb00083774e68bf8ba72d8b9bbe5731d3
    miner: 0xfedb3a0fb00083774e68bf8ba72d8b9bbe5731d3
