
AUTHORITY@[e9b23b[::]:30305]
 
    AUTHORITY: SUCCESS(initialized)

    eth_blockNumber: 0
    etherbase: 0xfedb3a0fb00083774e68bf8ba72d8b9bbe5731d3

AUTHORITY@[e9b23b[::]:30305]
 
    VALIDATE: SUCCESS(genesis)

    block_number: 0
    block_hash: 0xce285c...

AUTHORITY@[e9b23b[::]:30305]
 
    AUTHORITY: POST

    eth_blockNumber: 0
    authority: 0xfedb3a0fb00083774e68bf8ba72d8b9bbe5731d3
    tx_hash: 0x534f45...
    tx: [object Object]
    data: [object Object]
    signature: 0xe06b5c3c4fecf8e56983c374cf13957447a7d563581d274f85bfca20b4faa50f234fc0b7a6da7df0ddba5870703c1bf6bf606d0334276554f7c7b239801f92861c

AUTHORITY@[e9b23b[::]:30305]
 
    VALIDATE: SUCCESS

    eth_blockNumber: 1
    block_number: 1
    block_hash: 0x3e8f1c...
    signature: 0xe06b5c3c4fecf8e56983c374cf13957447a7d563581d274f85bfca20b4faa50f234fc0b7a6da7df0ddba5870703c1bf6bf606d0334276554f7c7b239801f92861c
    recovered: 0xfedb3a0fb00083774e68bf8ba72d8b9bbe5731d3
    miner: 0xfedb3a0fb00083774e68bf8ba72d8b9bbe5731d3

AUTHORITY@[e9b23b[::]:30305]
 
    AUTHORITY: POST

    eth_blockNumber: 1
    authority: 0xfedb3a0fb00083774e68bf8ba72d8b9bbe5731d3
    tx_hash: 0x5b861e...
    tx: [object Object]
    data: [object Object]
    signature: 0xe4846b895f9bf758a897d75a0f6b90787c5af3af502e3e1ed122881c623fc0ba36524d6d46a529a4afddd4456051ee3c3b5b40a53311ee4228e2ef939c62225b1b

AUTHORITY@[e9b23b[::]:30305]
 
    VALIDATE: SUCCESS

    eth_blockNumber: 2
    block_number: 2
    block_hash: 0x52f438...
    signature: 0xe4846b895f9bf758a897d75a0f6b90787c5af3af502e3e1ed122881c623fc0ba36524d6d46a529a4afddd4456051ee3c3b5b40a53311ee4228e2ef939c62225b1b
    recovered: 0xfedb3a0fb00083774e68bf8ba72d8b9bbe5731d3
    miner: 0xfedb3a0fb00083774e68bf8ba72d8b9bbe5731d3

AUTHORITY@[e9b23b[::]:30305]
 
    AUTHORITY: POST

    eth_blockNumber: 2
    authority: 0xfedb3a0fb00083774e68bf8ba72d8b9bbe5731d3
    tx_hash: 0x858a87...
    tx: [object Object]
    data: [object Object]
    signature: 0xeeb9cc4447ccb1837b2cd66bd794ec14e537589ea88e313ed0030ef8c4f26bde150e9b9473829ef60be481fe012cd5aaf86baf88f7f2e9ace4c5a590ce8b96ce1c

AUTHORITY@[e9b23b[::]:30305]
 
    VALIDATE: SUCCESS

    eth_blockNumber: 3
    block_number: 3
    block_hash: 0x7eb8f5...
    signature: 0xeeb9cc4447ccb1837b2cd66bd794ec14e537589ea88e313ed0030ef8c4f26bde150e9b9473829ef60be481fe012cd5aaf86baf88f7f2e9ace4c5a590ce8b96ce1c
    recovered: 0xfedb3a0fb00083774e68bf8ba72d8b9bbe5731d3
    miner: 0xfedb3a0fb00083774e68bf8ba72d8b9bbe5731d3

AUTHORITY@[e9b23b[::]:30305]
 
    AUTHORITY: POST

    eth_blockNumber: 3
    authority: 0xfedb3a0fb00083774e68bf8ba72d8b9bbe5731d3
    tx_hash: 0x709507...
    tx: [object Object]
    data: [object Object]
    signature: 0x2adfc5cd8cad308b11fc94bdae598623706ae5e9e9189614fad884996164374141a418f4f9d2bd258aa2392b2bd3849ac0baa5c8a86da94c5225cef861e36ecf1c

AUTHORITY@[e9b23b[::]:30305]
 
    VALIDATE: SUCCESS

    eth_blockNumber: 4
    block_number: 4
    block_hash: 0x6e88fe...
    signature: 0xe8f24fd516a5e58108a28465e55439f93af68e44d353b763760f7b3eb033db035f72e478e11084a67ad0febd2f3b450b747ee8ac55e3bad878b720c3e213d9081c
    recovered: 0x915f6add57fe39189dfd7b4801a9dcbf6d66ae94
    miner: 0x915f6add57fe39189dfd7b4801a9dcbf6d66ae94

AUTHORITY@[e9b23b[::]:30305]
 
    AUTHORITY: POST

    eth_blockNumber: 4
    authority: 0xfedb3a0fb00083774e68bf8ba72d8b9bbe5731d3
    tx_hash: 0x879b3e...
    tx: [object Object]
    data: [object Object]
    signature: 0x3bdd8991db89f80b0a89bfafffa4bd5071ef21c2a18e48a94584c87afa935e536a11dd5be941433a5889475630bd32b36ad5dd7048994b8fccd944bd41b58e111c

AUTHORITY@[e9b23b[::]:30305]
 
    VALIDATE: SUCCESS

    eth_blockNumber: 5
    block_number: 5
    block_hash: 0xabf622...
    signature: 0x3bdd8991db89f80b0a89bfafffa4bd5071ef21c2a18e48a94584c87afa935e536a11dd5be941433a5889475630bd32b36ad5dd7048994b8fccd944bd41b58e111c
    recovered: 0xfedb3a0fb00083774e68bf8ba72d8b9bbe5731d3
    miner: 0xfedb3a0fb00083774e68bf8ba72d8b9bbe5731d3

AUTHORITY@[e9b23b[::]:30305]
 
    AUTHORITY: POST

    eth_blockNumber: 5
    authority: 0xfedb3a0fb00083774e68bf8ba72d8b9bbe5731d3
    tx_hash: 0xbb062e...
    tx: [object Object]
    data: [object Object]
    signature: 0xce844cfd40b6f22a0ebb75da4281bb45bd3767b0df1f5375e292fae57062f7a23955b1a2dfe645e8e689634cd4606c9ba4da54ee5ac863bb80b8b303c61e852a1b

AUTHORITY@[e9b23b[::]:30305]
 
    VALIDATE: SUCCESS

    eth_blockNumber: 6
    block_number: 6
    block_hash: 0xb4391c...
    signature: 0xd5c63347677df6dfbaf6011ab74b46a7b846ccdb947c6f47a31f53db57b5a043793f23d59ff42f7dcafac689d19eb6e3411820b90472ce7b1763993b029e136a1b
    recovered: 0x915f6add57fe39189dfd7b4801a9dcbf6d66ae94
    miner: 0x915f6add57fe39189dfd7b4801a9dcbf6d66ae94

AUTHORITY@[e9b23b[::]:30305]
 
    AUTHORITY: POST

    eth_blockNumber: 6
    authority: 0xfedb3a0fb00083774e68bf8ba72d8b9bbe5731d3
    tx_hash: 0xd636bd...
    tx: [object Object]
    data: [object Object]
    signature: 0x9005f55f82acf57a2b3037a3b38834125dde62e2d0d68f866be2fb1d242769567ac7463e7efae7781601504ea4222a35f996e0b9993931e7cb281b50822129ea1c

AUTHORITY@[e9b23b[::]:30305]
 
    VALIDATE: SUCCESS

    eth_blockNumber: 7
    block_number: 7
    block_hash: 0x131f56...
    signature: 0x9005f55f82acf57a2b3037a3b38834125dde62e2d0d68f866be2fb1d242769567ac7463e7efae7781601504ea4222a35f996e0b9993931e7cb281b50822129ea1c
    recovered: 0xfedb3a0fb00083774e68bf8ba72d8b9bbe5731d3
    miner: 0xfedb3a0fb00083774e68bf8ba72d8b9bbe5731d3

AUTHORITY@[e9b23b[::]:30305]
 
    AUTHORITY: POST

    eth_blockNumber: 7
    authority: 0xfedb3a0fb00083774e68bf8ba72d8b9bbe5731d3
    tx_hash: 0x25cd3c...
    tx: [object Object]
    data: [object Object]
    signature: 0xd6f121dec0d2f9fcb361c89bd77e18357c688e875d1649faf04d3361d7a40de72e2b89f7f070fee6894a267ee253a0fc1ceb5d88d20b39a458dc1d7b7e0adfc21c

AUTHORITY@[e9b23b[::]:30305]
 
    VALIDATE: SUCCESS

    eth_blockNumber: 8
    block_number: 8
    block_hash: 0x85d57a...
    signature: 0xd6f121dec0d2f9fcb361c89bd77e18357c688e875d1649faf04d3361d7a40de72e2b89f7f070fee6894a267ee253a0fc1ceb5d88d20b39a458dc1d7b7e0adfc21c
    recovered: 0xfedb3a0fb00083774e68bf8ba72d8b9bbe5731d3
    miner: 0xfedb3a0fb00083774e68bf8ba72d8b9bbe5731d3

AUTHORITY@[e9b23b[::]:30305]
 
    AUTHORITY: POST

    eth_blockNumber: 8
    authority: 0xfedb3a0fb00083774e68bf8ba72d8b9bbe5731d3
    tx_hash: 0xc08873...
    tx: [object Object]
    data: [object Object]
    signature: 0xe7094089e7ccd1c3717cb3e95789f9847abcf84a67a5ba12c652dc4f6b868bde171b187dd538f581d20ff5d0348cee33804765e715fbdd64e60e1cc6e1f3c6221c

AUTHORITY@[e9b23b[::]:30305]
 
    VALIDATE: SUCCESS

    eth_blockNumber: 9
    block_number: 9
    block_hash: 0x0c18a9...
    signature: 0xe7094089e7ccd1c3717cb3e95789f9847abcf84a67a5ba12c652dc4f6b868bde171b187dd538f581d20ff5d0348cee33804765e715fbdd64e60e1cc6e1f3c6221c
    recovered: 0xfedb3a0fb00083774e68bf8ba72d8b9bbe5731d3
    miner: 0xfedb3a0fb00083774e68bf8ba72d8b9bbe5731d3

AUTHORITY@[e9b23b[::]:30305]
 
    AUTHORITY: POST

    eth_blockNumber: 9
    authority: 0xfedb3a0fb00083774e68bf8ba72d8b9bbe5731d3
    tx_hash: 0xb24f20...
    tx: [object Object]
    data: [object Object]
    signature: 0x0c1a40d58f20466f5b7fbf62319e662803855b3241f0ba7b5ddfe433869649f61c73fd65d82c393099efbae43db8869700934b28024cc0b1093cc2c8a37efd4d1b

AUTHORITY@[e9b23b[::]:30305]
 
    VALIDATE: SUCCESS

    eth_blockNumber: 10
    block_number: 10
    block_hash: 0x772498...
    signature: 0x0c1a40d58f20466f5b7fbf62319e662803855b3241f0ba7b5ddfe433869649f61c73fd65d82c393099efbae43db8869700934b28024cc0b1093cc2c8a37efd4d1b
    recovered: 0xfedb3a0fb00083774e68bf8ba72d8b9bbe5731d3
    miner: 0xfedb3a0fb00083774e68bf8ba72d8b9bbe5731d3

AUTHORITY@[e9b23b[::]:30305]
 
    AUTHORITY: POST

    eth_blockNumber: 10
    authority: 0xfedb3a0fb00083774e68bf8ba72d8b9bbe5731d3
    tx_hash: 0x163ef7...
    tx: [object Object]
    data: [object Object]
    signature: 0x8db33d0b8efb8b5de9161a96fd38a150567006626abbc352766e09c487ff1c373bef9852cac07c0cf660db57f3668596dde7a6f82304bd51ea2bfd3fcac22f741c

AUTHORITY@[e9b23b[::]:30305]
 
    VALIDATE: SUCCESS

    eth_blockNumber: 11
    block_number: 11
    block_hash: 0xb7483e...
    signature: 0x8db33d0b8efb8b5de9161a96fd38a150567006626abbc352766e09c487ff1c373bef9852cac07c0cf660db57f3668596dde7a6f82304bd51ea2bfd3fcac22f741c
    recovered: 0xfedb3a0fb00083774e68bf8ba72d8b9bbe5731d3
    miner: 0xfedb3a0fb00083774e68bf8ba72d8b9bbe5731d3

AUTHORITY@[e9b23b[::]:30305]
 
    AUTHORITY: POST

    eth_blockNumber: 11
    authority: 0xfedb3a0fb00083774e68bf8ba72d8b9bbe5731d3
    tx_hash: 0x94157c...
    tx: [object Object]
    data: [object Object]
    signature: 0x1e7315bcffe51729e05d4dbffe61bd9304784ace3e72e081e3223878f5119cc308b60fb41ca10d3e188d5fbcacb140acdeb47b03fcb624fe97d20ac97b6c654c1c

AUTHORITY@[e9b23b[::]:30305]
 
    VALIDATE: SUCCESS

    eth_blockNumber: 12
    block_number: 12
    block_hash: 0xd14f72...
    signature: 0x1e7315bcffe51729e05d4dbffe61bd9304784ace3e72e081e3223878f5119cc308b60fb41ca10d3e188d5fbcacb140acdeb47b03fcb624fe97d20ac97b6c654c1c
    recovered: 0xfedb3a0fb00083774e68bf8ba72d8b9bbe5731d3
    miner: 0xfedb3a0fb00083774e68bf8ba72d8b9bbe5731d3

AUTHORITY@[e9b23b[::]:30305]
 
    AUTHORITY: POST

    eth_blockNumber: 12
    authority: 0xfedb3a0fb00083774e68bf8ba72d8b9bbe5731d3
    tx_hash: 0x4acd0c...
    tx: [object Object]
    data: [object Object]
    signature: 0x914d4d9fadc3e2eb9fc4277990978fcdf871cd7a2218fcd60c7c85853b1a3bbb0282ef41bc5ad32cb20c293f6c073125c2818147945617d48f4b4a5317044a2d1c

AUTHORITY@[e9b23b[::]:30305]
 
    VALIDATE: FAIL(no transactions)

    block_number: 14
    block_hash: 0x6b5985...

AUTHORITY@[e9b23b[::]:30305]
 
    AUTHORITY: POST

    eth_blockNumber: 13
    authority: 0xfedb3a0fb00083774e68bf8ba72d8b9bbe5731d3
    tx_hash: 0xf0fb25...
    tx: [object Object]
    data: [object Object]
    signature: 0xff92c6324795b9c6dbf15db296ef20b620162af2ecf619265393944c2dc504ee6ee1924e613d9013398ceb8e5a31514945fa497904eb3c4a4283f31356869f971b

AUTHORITY@[e9b23b[::]:30305]
 
    VALIDATE: SUCCESS

    eth_blockNumber: 13
    block_number: 13
    block_hash: 0xf02993...
    signature: 0x914d4d9fadc3e2eb9fc4277990978fcdf871cd7a2218fcd60c7c85853b1a3bbb0282ef41bc5ad32cb20c293f6c073125c2818147945617d48f4b4a5317044a2d1c
    recovered: 0xfedb3a0fb00083774e68bf8ba72d8b9bbe5731d3
    miner: 0xfedb3a0fb00083774e68bf8ba72d8b9bbe5731d3

AUTHORITY@[e9b23b[::]:30305]
 
    AUTHORITY: POST

    eth_blockNumber: 13
    authority: 0xfedb3a0fb00083774e68bf8ba72d8b9bbe5731d3
    tx_hash: 0xe086f2...
    tx: [object Object]
    data: [object Object]
    signature: 0x0f6743c6c90ff49b98a2076cf771a9258546fd77b005d686de87d050b3e1865b1f5d55d79dd526cdd78be381f66bf9ca898a980d2dd3622c7e1b26aa8f34bf251c

AUTHORITY@[e9b23b[::]:30305]
 
    VALIDATE: SUCCESS

    eth_blockNumber: 14
    block_number: 14
    block_hash: 0x8d49f2...
    signature: 0x9ab54a8a9af3dddb60b021e1dbbad00e4b4e72056771d612a31dc64363c148ea32729779c4482ed2ab9acb7c205b9f9d2aa3458c048510fab8f8ddf4075642581b
    recovered: 0x915f6add57fe39189dfd7b4801a9dcbf6d66ae94
    miner: 0x915f6add57fe39189dfd7b4801a9dcbf6d66ae94

AUTHORITY@[e9b23b[::]:30305]
 
    AUTHORITY: POST

    eth_blockNumber: 14
    authority: 0xfedb3a0fb00083774e68bf8ba72d8b9bbe5731d3
    tx_hash: 0x68aae9...
    tx: [object Object]
    data: [object Object]
    signature: 0x8157bea62a63f22305914a7847187a3ceb837d8f21c5ba4af66fffc82d6c70212dd534b73ff03c4f8c4ce054af2e2ab000359e9b7bd9b6199fc01d29e44b0acc1c

AUTHORITY@[e9b23b[::]:30305]
 
    VALIDATE: SUCCESS

    eth_blockNumber: 15
    block_number: 15
    block_hash: 0x7d5a5a...
    signature: 0x8157bea62a63f22305914a7847187a3ceb837d8f21c5ba4af66fffc82d6c70212dd534b73ff03c4f8c4ce054af2e2ab000359e9b7bd9b6199fc01d29e44b0acc1c
    recovered: 0xfedb3a0fb00083774e68bf8ba72d8b9bbe5731d3
    miner: 0xfedb3a0fb00083774e68bf8ba72d8b9bbe5731d3

AUTHORITY@[e9b23b[::]:30305]
 
    AUTHORITY: POST

    eth_blockNumber: 15
    authority: 0xfedb3a0fb00083774e68bf8ba72d8b9bbe5731d3
    tx_hash: 0xd3c255...
    tx: [object Object]
    data: [object Object]
    signature: 0x7374e7c27dba29ad2dacb38c029ae12700f65f53281a83bfa5258c916bde5d2b09955b6fd2c42490357e16c400a06869b0ac8cd2d1b1834d180532d5464697b11b

AUTHORITY@[e9b23b[::]:30305]
 
    VALIDATE: SUCCESS

    eth_blockNumber: 16
    block_number: 16
    block_hash: 0x902cbd...
    signature: 0xf6d3b2110e922841f37ab76253b7db4dd5ed65e4851706cc9116e287f1a41b2a1b315a0bd2ec36943720766c14695b5a5950b46db923ad9a9ce359318ccbe0511b
    recovered: 0x915f6add57fe39189dfd7b4801a9dcbf6d66ae94
    miner: 0x915f6add57fe39189dfd7b4801a9dcbf6d66ae94

AUTHORITY@[e9b23b[::]:30305]
 
    AUTHORITY: POST

    eth_blockNumber: 16
    authority: 0xfedb3a0fb00083774e68bf8ba72d8b9bbe5731d3
    tx_hash: 0x0ad996...
    tx: [object Object]
    data: [object Object]
    signature: 0x1978834a182ee38a531745448ef70e2b2c1d482bef6327a933c89198ca45872f4d60a4f288422c8cbde8fff4911b24a0dc6d356dc1d7450f68b34cc1dd68019e1c

AUTHORITY@[e9b23b[::]:30305]
 
    VALIDATE: SUCCESS

    eth_blockNumber: 17
    block_number: 17
    block_hash: 0x6db9a9...
    signature: 0x1978834a182ee38a531745448ef70e2b2c1d482bef6327a933c89198ca45872f4d60a4f288422c8cbde8fff4911b24a0dc6d356dc1d7450f68b34cc1dd68019e1c
    recovered: 0xfedb3a0fb00083774e68bf8ba72d8b9bbe5731d3
    miner: 0xfedb3a0fb00083774e68bf8ba72d8b9bbe5731d3

AUTHORITY@[e9b23b[::]:30305]
 
    AUTHORITY: POST

    eth_blockNumber: 17
    authority: 0xfedb3a0fb00083774e68bf8ba72d8b9bbe5731d3
    tx_hash: 0x1a2a7f...
    tx: [object Object]
    data: [object Object]
    signature: 0xce865bd3e74d4dadb25121c9419bfb7ece2ac91d533b22c55acba3f209d59ad650338910c31f6028c798452ada0289a2957dbaaaeb3ef14c5f574484d7dc0e191c

AUTHORITY@[e9b23b[::]:30305]
 
    VALIDATE: SUCCESS

    eth_blockNumber: 18
    block_number: 18
    block_hash: 0xa2abdf...
    signature: 0xce865bd3e74d4dadb25121c9419bfb7ece2ac91d533b22c55acba3f209d59ad650338910c31f6028c798452ada0289a2957dbaaaeb3ef14c5f574484d7dc0e191c
    recovered: 0xfedb3a0fb00083774e68bf8ba72d8b9bbe5731d3
    miner: 0xfedb3a0fb00083774e68bf8ba72d8b9bbe5731d3

AUTHORITY@[e9b23b[::]:30305]
 
    AUTHORITY: POST

    eth_blockNumber: 18
    authority: 0xfedb3a0fb00083774e68bf8ba72d8b9bbe5731d3
    tx_hash: 0x4585a6...
    tx: [object Object]
    data: [object Object]
    signature: 0x15970da3d7556cbff78bf307d465303d8c4c2c29c85b2c795b291112a0c20d45347e5dacc8ebad7696d0fd7fc518b5644e3127342852008b07d314469d7f125c1c

AUTHORITY@[e9b23b[::]:30305]
 
    VALIDATE: SUCCESS

    eth_blockNumber: 19
    block_number: 19
    block_hash: 0xbc1c01...
    signature: 0x15970da3d7556cbff78bf307d465303d8c4c2c29c85b2c795b291112a0c20d45347e5dacc8ebad7696d0fd7fc518b5644e3127342852008b07d314469d7f125c1c
    recovered: 0xfedb3a0fb00083774e68bf8ba72d8b9bbe5731d3
    miner: 0xfedb3a0fb00083774e68bf8ba72d8b9bbe5731d3

AUTHORITY@[e9b23b[::]:30305]
 
    AUTHORITY: POST

    eth_blockNumber: 19
    authority: 0xfedb3a0fb00083774e68bf8ba72d8b9bbe5731d3
    tx_hash: 0x805fbc...
    tx: [object Object]
    data: [object Object]
    signature: 0xd9a35555419b43f6df7c49efeaf467212566325d6d239eef8084f6a7dfad355d0f0391d8d8facac9e5df51aac8563769ec0d31106492b421dba4f975b0ee3bcd1b

AUTHORITY@[e9b23b[::]:30305]
 
    VALIDATE: SUCCESS

    eth_blockNumber: 20
    block_number: 20
    block_hash: 0xa3310e...
    signature: 0x9b878d1d6081d1bd86d344851cce5fd56b749f3f0ed6ebac1afc26dd5082dedc188658ce71d20e90efde1d13e6f68060ce8c1cadbdd188eed6ce610a40a26efc1b
    recovered: 0x915f6add57fe39189dfd7b4801a9dcbf6d66ae94
    miner: 0x915f6add57fe39189dfd7b4801a9dcbf6d66ae94

AUTHORITY@[e9b23b[::]:30305]
 
    AUTHORITY: POST

    eth_blockNumber: 20
    authority: 0xfedb3a0fb00083774e68bf8ba72d8b9bbe5731d3
    tx_hash: 0x62f8ed...
    tx: [object Object]
    data: [object Object]
    signature: 0xf7fbc567f62d0cd7027364558f92cf967e7683e98cd8e24cc10d027548813f7505e2d7621fe7a181dd8b5e0091b62a31021165779d5ef9f981a599947a60e8e01b

AUTHORITY@[e9b23b[::]:30305]
 
    VALIDATE: SUCCESS

    eth_blockNumber: 21
    block_number: 21
    block_hash: 0x8257f3...
    signature: 0xf7fbc567f62d0cd7027364558f92cf967e7683e98cd8e24cc10d027548813f7505e2d7621fe7a181dd8b5e0091b62a31021165779d5ef9f981a599947a60e8e01b
    recovered: 0xfedb3a0fb00083774e68bf8ba72d8b9bbe5731d3
    miner: 0xfedb3a0fb00083774e68bf8ba72d8b9bbe5731d3

AUTHORITY@[e9b23b[::]:30305]
 
    AUTHORITY: POST

    eth_blockNumber: 21
    authority: 0xfedb3a0fb00083774e68bf8ba72d8b9bbe5731d3
    tx_hash: 0xa9e32c...
    tx: [object Object]
    data: [object Object]
    signature: 0xc11fb3a520371280f801208adf5097c9daa3e5d4268662bc03d7d2bda4ab673a170d860740145328fd91488ebda1e78a01a5d975f31a54010e840afcc8cb6f8a1c

AUTHORITY@[e9b23b[::]:30305]
 
    VALIDATE: SUCCESS

    eth_blockNumber: 22
    block_number: 22
    block_hash: 0x4f9728...
    signature: 0x3ba3e059256bb6adfbc301bccf40d5c72367f78edea049729e44c83f63f28b0c60e4d91d04c2409e03fbe98d876d3614cada90ee5d76db3b2b20c056ac3197e01c
    recovered: 0x915f6add57fe39189dfd7b4801a9dcbf6d66ae94
    miner: 0x915f6add57fe39189dfd7b4801a9dcbf6d66ae94

AUTHORITY@[e9b23b[::]:30305]
 
    AUTHORITY: POST

    eth_blockNumber: 22
    authority: 0xfedb3a0fb00083774e68bf8ba72d8b9bbe5731d3
    tx_hash: 0x280219...
    tx: [object Object]
    data: [object Object]
    signature: 0x33179400465b8024190dbb9d7e00c8f33b558aa690a77c0fee359cbca4ee1fae30268d24b4beed7a246fca08c3496941d26d108bf827ab72de069eca68b4c7111c
