
MINION@[5ca117[::]:30313]
 
    VALIDATE: SUCCESS(genesis)

    block_number: 0
    block_hash: 0xce285c...

MINION@[5ca117[::]:30313]
 
    VALIDATE: SUCCESS

    eth_blockNumber: 1
    block_number: 1
    block_hash: 0x316608...
    signature: 0xdaa1b85d090dbf75e478599ea2423fca916ef1da61aca87b5a4d40c0545bb39801618a59b2e4454da65c5c16a2babb29a363b1f8fe17d92def8b501db4e01a771c
    recovered: 0xfedb3a0fb00083774e68bf8ba72d8b9bbe5731d3
    miner: 0xfedb3a0fb00083774e68bf8ba72d8b9bbe5731d3

MINION@[5ca117[::]:30313]
 
    VALIDATE: SUCCESS

    eth_blockNumber: 2
    block_number: 2
    block_hash: 0xb27d2f...
    signature: 0x035ae3a5ff341ba2f3adffbb4140d4e9cbf923d6499f08f7d85c1ed2713ac8943db0bfae3fd1cb694832ec1349bbf01a0731cefe37ac36eff30ba0383cea74081b
    recovered: 0x915f6add57fe39189dfd7b4801a9dcbf6d66ae94
    miner: 0x915f6add57fe39189dfd7b4801a9dcbf6d66ae94

MINION@[5ca117[::]:30313]
 
    VALIDATE: SUCCESS

    eth_blockNumber: 3
    block_number: 3
    block_hash: 0x6959dc...
    signature: 0xcc6e8d59443a4e81be5c8edb5523d63508b2de2c853ef2774963efc446a48e7b7e3f6fef36315839fbd38a64e45cf541e80d0d0b2bc6e2af194aa2bcf4eb9f541c
    recovered: 0xfedb3a0fb00083774e68bf8ba72d8b9bbe5731d3
    miner: 0xfedb3a0fb00083774e68bf8ba72d8b9bbe5731d3

MINION@[5ca117[::]:30313]
 
    VALIDATE: SUCCESS

    eth_blockNumber: 4
    block_number: 4
    block_hash: 0x7e8110...
    signature: 0x1da3c99dcb52b188f50639d8badce0b43764afa225684e9e26c231fd29d7faae402bede63b5510cc3b7d99942c9d717409fb6eee69a608c1e68f4552d743a3671c
    recovered: 0x915f6add57fe39189dfd7b4801a9dcbf6d66ae94
    miner: 0x915f6add57fe39189dfd7b4801a9dcbf6d66ae94

MINION@[5ca117[::]:30313]
 
    VALIDATE: SUCCESS

    eth_blockNumber: 5
    block_number: 5
    block_hash: 0x6628e4...
    signature: 0xe07f18239fc311b833be4f152ed69f6355622be247f8533759fc095e274d9b4b304f8079886f9dc53029eab972b1d81dfb47eda63a2d451647a1633052b651e01c
    recovered: 0xfedb3a0fb00083774e68bf8ba72d8b9bbe5731d3
    miner: 0xfedb3a0fb00083774e68bf8ba72d8b9bbe5731d3

MINION@[5ca117[::]:30313]
 
    VALIDATE: SUCCESS

    eth_blockNumber: 6
    block_number: 6
    block_hash: 0x6bee16...
    signature: 0x988592291d2b0992367c2bab0f043c509ffac99176b8d4072a2102d6408f3bbf5406640a1575e6c56969cadc0181d0aefa66673ef7e8964fd78b0ed187fefbb71c
    recovered: 0xfedb3a0fb00083774e68bf8ba72d8b9bbe5731d3
    miner: 0xfedb3a0fb00083774e68bf8ba72d8b9bbe5731d3

MINION@[5ca117[::]:30313]
 
    VALIDATE: FAIL(no transactions)

    block_number: 8
    block_hash: 0xdda473...

MINION@[5ca117[::]:30313]
 
    VALIDATE: FAIL(no transactions)

    block_number: 8
    block_hash: 0xdda473...

MINION@[5ca117[::]:30313]
 
    VALIDATE: FAIL(no transactions)

    block_number: 8
    block_hash: 0xdda473...

MINION@[5ca117[::]:30313]
 
    VALIDATE: SUCCESS

    eth_blockNumber: 11
    block_number: 11
    block_hash: 0x232633...
    signature: 0xb3e94176db6df244b7221878066aa87dff676b1f653ec15358a6612650aced2032daf85f77320c6427681f06c4bb0ac48c08cd5c50a4f4bdc13f14975440dff51b
    recovered: 0xfedb3a0fb00083774e68bf8ba72d8b9bbe5731d3
    miner: 0xfedb3a0fb00083774e68bf8ba72d8b9bbe5731d3

MINION@[5ca117[::]:30313]
 
    VALIDATE: SUCCESS

    eth_blockNumber: 12
    block_number: 12
    block_hash: 0x9bb81c...
    signature: 0x1bbf193a711034e1cda5ee7fcd94b872caad66c2a06ed98cf080fe72c299440407f90dc7a6abca113f4517fca9c8ce830ae9bfd9dc2cb522d751f37e1ea023e21c
    recovered: 0x915f6add57fe39189dfd7b4801a9dcbf6d66ae94
    miner: 0x915f6add57fe39189dfd7b4801a9dcbf6d66ae94

MINION@[5ca117[::]:30313]
 
    VALIDATE: SUCCESS

    eth_blockNumber: 13
    block_number: 13
    block_hash: 0x4cbfd0...
    signature: 0xad79a0237dbb5df56a2c5eb92ef1904d6a7d6b068ebc7abf5a04574a34c0655b11787e8b4c28ee415d4fdfc84979b2cffe2117145928947cfe0ff194b31717431c
    recovered: 0xfedb3a0fb00083774e68bf8ba72d8b9bbe5731d3
    miner: 0xfedb3a0fb00083774e68bf8ba72d8b9bbe5731d3

MINION@[5ca117[::]:30313]
 
    VALIDATE: SUCCESS

    eth_blockNumber: 14
    block_number: 14
    block_hash: 0x5efe57...
    signature: 0x6cb5e9b553e98b94d57337ec7cead9e9c769a3a84f2239ae3bab2275180836b37f52ff7ffa3760b2f32fe6ef6e4108f45bb61fbc7ee22e0ca1cbe889658406101c
    recovered: 0xfedb3a0fb00083774e68bf8ba72d8b9bbe5731d3
    miner: 0xfedb3a0fb00083774e68bf8ba72d8b9bbe5731d3

MINION@[5ca117[::]:30313]
 
    VALIDATE: SUCCESS

    eth_blockNumber: 15
    block_number: 15
    block_hash: 0xc0066f...
    signature: 0xf76ecdf73d5a9b63ca98c8080ca584ebe8c73597dbc122c1958e34dfd4246b4107f527a0acddf1d2b79272acfc8b26cb6f922935eee967876b9f975f40ef9f251c
    recovered: 0xfedb3a0fb00083774e68bf8ba72d8b9bbe5731d3
    miner: 0xfedb3a0fb00083774e68bf8ba72d8b9bbe5731d3

MINION@[5ca117[::]:30313]
 
    VALIDATE: SUCCESS

    eth_blockNumber: 16
    block_number: 16
    block_hash: 0xdbd0b1...
    signature: 0xc7c994759f73b4cf8817ec992a453cf91aff55dc54f930309bf8ac58e7860ea50b8f185d1f7eee805d445c018754bf76f7199f812a34d48f19c868ce73355b281c
    recovered: 0x915f6add57fe39189dfd7b4801a9dcbf6d66ae94
    miner: 0x915f6add57fe39189dfd7b4801a9dcbf6d66ae94

MINION@[5ca117[::]:30313]
 
    VALIDATE: FAIL(no transactions)

    block_number: 17
    block_hash: 0x943641...

MINION@[5ca117[::]:30313]
 
    VALIDATE: SUCCESS

    eth_blockNumber: 17
    block_number: 17
    block_hash: 0xa05011...
    signature: 0xbc8033cea3835e32b51dc4281d4ed659aa8550e80dddc04548eaadb9d717d55238944d939fe18f83cc70700a8e05164feda9be0eba60178d2635f00fb43c93051b
    recovered: 0xfedb3a0fb00083774e68bf8ba72d8b9bbe5731d3
    miner: 0xfedb3a0fb00083774e68bf8ba72d8b9bbe5731d3

MINION@[5ca117[::]:30313]
 
    VALIDATE: SUCCESS

    eth_blockNumber: 18
    block_number: 18
    block_hash: 0x28de58...
    signature: 0xfd35c51fa6452c3e786f268f45bd9243132c50a1a402b61d02eb37f271160e3021e92cad39d306e8041f95c05872ca3d8af822387388673131e5d6faf0ce31591c
    recovered: 0xfedb3a0fb00083774e68bf8ba72d8b9bbe5731d3
    miner: 0xfedb3a0fb00083774e68bf8ba72d8b9bbe5731d3

MINION@[5ca117[::]:30313]
 
    VALIDATE: SUCCESS

    eth_blockNumber: 19
    block_number: 19
    block_hash: 0x966e7d...
    signature: 0x62078673aa4b25df3799cd3ee1b23e8dece98d203ed9197102bc1b5aa74f50ff7deb25ccaa2c67b67f89a51ae1c56eb7d38724ba8a55676f2bfaa058dd0b3ffb1b
    recovered: 0xfedb3a0fb00083774e68bf8ba72d8b9bbe5731d3
    miner: 0xfedb3a0fb00083774e68bf8ba72d8b9bbe5731d3

MINION@[5ca117[::]:30313]
 
    VALIDATE: SUCCESS

    eth_blockNumber: 20
    block_number: 20
    block_hash: 0xeae935...
    signature: 0xb69a9df7c12b70bb0abd34d79f1aaaf069266dc9ac68fe95b4dfcdc3eee29bc36d659dccbb49f59e9fd61b784beed290f9fd7f50e7e65b494dc33667683a672d1b
    recovered: 0x915f6add57fe39189dfd7b4801a9dcbf6d66ae94
    miner: 0x915f6add57fe39189dfd7b4801a9dcbf6d66ae94

MINION@[5ca117[::]:30313]
 
    VALIDATE: SUCCESS

    eth_blockNumber: 21
    block_number: 21
    block_hash: 0xa75a15...
    signature: 0x77e40e28c808a9498ed627b86f43c2eb3caae9f2459e96205c99beb02c1ef8777147d29b4acb4e658d058bc262f76d6f47ebdfabdc8bdeab10eb0b3aa9ee00bb1b
    recovered: 0xfedb3a0fb00083774e68bf8ba72d8b9bbe5731d3
    miner: 0xfedb3a0fb00083774e68bf8ba72d8b9bbe5731d3

MINION@[5ca117[::]:30313]
 
    VALIDATE: SUCCESS

    eth_blockNumber: 22
    block_number: 22
    block_hash: 0x3107fa...
    signature: 0x21f3892dc7bcdb42c56731f4c0513e3770866099f64049a437adfd677b79d60275b8cfde86eb735e401d5877f7303c882e44245b659faceb6aaf59a163bdb7081b
    recovered: 0xfedb3a0fb00083774e68bf8ba72d8b9bbe5731d3
    miner: 0xfedb3a0fb00083774e68bf8ba72d8b9bbe5731d3

MINION@[5ca117[::]:30313]
 
    VALIDATE: SUCCESS

    eth_blockNumber: 23
    block_number: 23
    block_hash: 0x77f6d3...
    signature: 0xd248c16592d7d7d568a8e1090adffc69c962eb02ed17b7450474e1f573fe4cce21e90b92b97adf990963706505f69ceedc7a72a44fbd3848805a1734a0ec72851b
    recovered: 0xfedb3a0fb00083774e68bf8ba72d8b9bbe5731d3
    miner: 0xfedb3a0fb00083774e68bf8ba72d8b9bbe5731d3

MINION@[5ca117[::]:30313]
 
    VALIDATE: SUCCESS

    eth_blockNumber: 24
    block_number: 24
    block_hash: 0x161572...
    signature: 0x42a8f2317aab3dd1d4c56be63d95cbbea9a49beeee5ac837c2ca17c5c3d78c6967262fd88919b83fbdde16681ee1ef0ed59ded41348f613896889d09f9d731641b
    recovered: 0xfedb3a0fb00083774e68bf8ba72d8b9bbe5731d3
    miner: 0xfedb3a0fb00083774e68bf8ba72d8b9bbe5731d3
